2021-03-24 22:01:35.842 [main] [INFO ] org.springframework.context.support.AbstractApplicationContext.prepareRefresh -Refreshing org.springframework.context.annotation.AnnotationConfigApplicationContext@71ba6d4e: startup date [Wed Mar 24 22:01:35 CST 2021]; root of context hierarchy
2021-03-24 22:01:36.251 [main] [INFO ] org.springframework.beans.factory.annotation.AutowiredAnnotationBeanPostProcessor.<init> -JSR-330 'javax.inject.Inject' annotation found and supported for autowiring
2021-03-24 22:01:36.326 [main] [INFO ] org.springframework.context.support.PostProcessorRegistrationDelegate$BeanPostProcessorChecker.postProcessAfterInitialization -Bean 'configurationPropertiesRebinderAutoConfiguration' of type [org.springframework.cloud.autoconfigure.ConfigurationPropertiesRebinderAutoConfiguration$$EnhancerBySpringCGLIB$$4cb1ff21] is not eligible for getting processed by all BeanPostProcessors (for example: not eligible for auto-proxying)
2021-03-24 22:01:41.836 [main] [INFO ] org.springframework.boot.SpringApplication.logStartupProfileInfo -No active profile set, falling back to default profiles: default
2021-03-24 22:01:41.861 [main] [INFO ] org.springframework.context.support.AbstractApplicationContext.prepareRefresh -Refreshing org.springframework.boot.web.servlet.context.AnnotationConfigServletWebServerApplicationContext@736d6a5c: startup date [Wed Mar 24 22:01:41 CST 2021]; parent: org.springframework.context.annotation.AnnotationConfigApplicationContext@71ba6d4e
2021-03-24 22:01:42.748 [main] [INFO ] org.springframework.beans.factory.support.DefaultListableBeanFactory.registerBeanDefinition -Overriding bean definition for bean 'dataSource' with a different definition: replacing [Root bean: class [null]; scope=refresh; abstract=false; lazyInit=false; autowireMode=3; dependencyCheck=0; autowireCandidate=false; primary=false; factoryBeanName=org.springframework.boot.autoconfigure.jdbc.DataSourceConfiguration$Hikari; factoryMethodName=dataSource; initMethodName=null; destroyMethodName=(inferred); defined in class path resource [org/springframework/boot/autoconfigure/jdbc/DataSourceConfiguration$Hikari.class]] with [Root bean: class [org.springframework.aop.scope.ScopedProxyFactoryBean]; scope=; abstract=false; lazyInit=false; autowireMode=0; dependencyCheck=0; autowireCandidate=true; primary=false; factoryBeanName=null; factoryMethodName=null; initMethodName=null; destroyMethodName=null; defined in BeanDefinition defined in class path resource [org/springframework/boot/autoconfigure/jdbc/DataSourceConfiguration$Hikari.class]]
2021-03-24 22:01:43.087 [main] [INFO ] org.springframework.cloud.context.scope.GenericScope.setSerializationId -BeanFactory id=1e2954d7-bc4d-3e24-91c0-5845d2d162a2
2021-03-24 22:01:43.107 [main] [INFO ] org.springframework.beans.factory.annotation.AutowiredAnnotationBeanPostProcessor.<init> -JSR-330 'javax.inject.Inject' annotation found and supported for autowiring
2021-03-24 22:01:43.227 [main] [INFO ] org.springframework.context.support.PostProcessorRegistrationDelegate$BeanPostProcessorChecker.postProcessAfterInitialization -Bean 'org.springframework.transaction.annotation.ProxyTransactionManagementConfiguration' of type [org.springframework.transaction.annotation.ProxyTransactionManagementConfiguration$$EnhancerBySpringCGLIB$$3097fc24] is not eligible for getting processed by all BeanPostProcessors (for example: not eligible for auto-proxying)
2021-03-24 22:01:43.274 [main] [INFO ] org.springframework.context.support.PostProcessorRegistrationDelegate$BeanPostProcessorChecker.postProcessAfterInitialization -Bean 'org.springframework.cloud.autoconfigure.ConfigurationPropertiesRebinderAutoConfiguration' of type [org.springframework.cloud.autoconfigure.ConfigurationPropertiesRebinderAutoConfiguration$$EnhancerBySpringCGLIB$$4cb1ff21] is not eligible for getting processed by all BeanPostProcessors (for example: not eligible for auto-proxying)
2021-03-24 22:01:43.586 [main] [INFO ] org.springframework.boot.web.embedded.tomcat.TomcatWebServer.initialize -Tomcat initialized with port(s): 8763 (http)
2021-03-24 22:01:43.603 [main] [INFO ] org.apache.juli.logging.DirectJDKLog.log -Initializing ProtocolHandler ["http-nio-8763"]
2021-03-24 22:01:43.614 [main] [INFO ] org.apache.juli.logging.DirectJDKLog.log -Starting service [Tomcat]
2021-03-24 22:01:43.615 [main] [INFO ] org.apache.juli.logging.DirectJDKLog.log -Starting Servlet Engine: Apache Tomcat/8.5.31
2021-03-24 22:01:43.623 [localhost-startStop-1] [INFO ] org.apache.juli.logging.DirectJDKLog.log -The APR based Apache Tomcat Native library which allows optimal performance in production environments was not found on the java.library.path: [C:\Program Files\Java\jdk1.8.0_271\bin;C:\WINDOWS\Sun\Java\bin;C:\WINDOWS\system32;C:\WINDOWS;C:\Program Files (x86)\Common Files\Oracle\Java\javapath;C:\Program Files (x86)\NetSarang\Xshell 6\;C:\WINDOWS\system32;C:\WINDOWS;C:\WINDOWS\System32\Wbem;C:\WINDOWS\System32\WindowsPowerShell\v1.0\;C:\WINDOWS\System32\OpenSSH\;C:\MinGW\bin;C:\texlive\2020\bin\win32;C:\Program Files (x86)\dotnet\;C:\Program Files (x86)\NVIDIA Corporation\PhysX\Common;C:\Program Files\Apache\apache-maven\bin;C:\Program Files\Java\jdk1.8.0_271\bin;C:\Program Files\MySQL\MySQL Server 8.0\bin;C:\Program Files\dotnet\;C:\Program Files\PowerShell\7\;C:\ProgramData\chocolatey\bin;C:\Program Files\nodejs\;C:\Program Files\Docker\Docker\resources\bin;C:\ProgramData\DockerDesktop\version-bin;C:\Program Files\Git\cmd;C:\Python\Python39\Scripts\;C:\Python\Python39\;C:\Program Files\MySQL\MySQL Shell 8.0\bin\;C:\Users\Win\AppData\Local\Microsoft\WindowsApps;C:\Users\Win\AppData\Local\Programs\Microsoft VS Code\bin;C:\Coq\bin;C:\cygwin64\bin;C:\Users\Win\AppData\Local\Pandoc\;C:\Users\Win\AppData\Roaming\npm;C:\Users\Win\AppData\Local\GitHubDesktop\bin;C:\Program Files\JetBrains\IntelliJ IDEA 2020.3.3\bin;;.]
2021-03-24 22:01:43.819 [localhost-startStop-1] [INFO ] org.apache.juli.logging.DirectJDKLog.log -Initializing Spring embedded WebApplicationContext
2021-03-24 22:01:43.819 [localhost-startStop-1] [INFO ] org.springframework.boot.web.servlet.context.ServletWebServerApplicationContext.prepareWebApplicationContext -Root WebApplicationContext: initialization completed in 1959 ms
2021-03-24 22:01:44.160 [localhost-startStop-1] [INFO ] org.springframework.boot.web.servlet.ServletRegistrationBean.addRegistration -Servlet dispatcherServlet mapped to [/]
2021-03-24 22:01:44.166 [localhost-startStop-1] [INFO ] org.springframework.boot.web.servlet.AbstractFilterRegistrationBean.configure -Mapping filter: 'characterEncodingFilter' to: [/*]
2021-03-24 22:01:44.167 [localhost-startStop-1] [INFO ] org.springframework.boot.web.servlet.AbstractFilterRegistrationBean.configure -Mapping filter: 'hiddenHttpMethodFilter' to: [/*]
2021-03-24 22:01:44.167 [localhost-startStop-1] [INFO ] org.springframework.boot.web.servlet.AbstractFilterRegistrationBean.configure -Mapping filter: 'httpPutFormContentFilter' to: [/*]
2021-03-24 22:01:44.167 [localhost-startStop-1] [INFO ] org.springframework.boot.web.servlet.AbstractFilterRegistrationBean.configure -Mapping filter: 'requestContextFilter' to: [/*]
2021-03-24 22:01:44.945 [main] [INFO ] com.netflix.config.sources.URLConfigurationSource.<init> -To enable URLs as dynamic configuration sources, define System property archaius.configurationSource.additionalUrls or make config.properties available on classpath.
2021-03-24 22:01:44.952 [main] [INFO ] com.netflix.config.sources.URLConfigurationSource.<init> -To enable URLs as dynamic configuration sources, define System property archaius.configurationSource.additionalUrls or make config.properties available on classpath.
2021-03-24 22:01:45.124 [main] [INFO ] org.springframework.web.servlet.handler.AbstractUrlHandlerMapping.registerHandler -Mapped URL path [/**/favicon.ico] onto handler of type [class org.springframework.web.servlet.resource.ResourceHttpRequestHandler]
2021-03-24 22:01:45.685 [main] [INFO ] org.springframework.web.servlet.mvc.method.annotation.RequestMappingHandlerAdapter.initControllerAdviceCache -Looking for @ControllerAdvice: org.springframework.boot.web.servlet.context.AnnotationConfigServletWebServerApplicationContext@736d6a5c: startup date [Wed Mar 24 22:01:41 CST 2021]; parent: org.springframework.context.annotation.AnnotationConfigApplicationContext@71ba6d4e
2021-03-24 22:01:45.778 [main] [INFO ] org.springframework.web.servlet.handler.AbstractHandlerMethodMapping$MappingRegistry.register -Mapped "{[/crmRelationUser/editCrmRelationUser],methods=[POST]}" onto public com.weida.epcommon.util.CommonResult com.weida.epuser.controller.CrmRelationUserController.editCrmRelationUser(com.weida.epuser.dto.CrmRelationUser,org.springframework.validation.BindingResult)
2021-03-24 22:01:45.780 [main] [INFO ] org.springframework.web.servlet.handler.AbstractHandlerMethodMapping$MappingRegistry.register -Mapped "{[/crmRelationUser/addCrmRelationUser],methods=[POST]}" onto public com.weida.epcommon.util.CommonResult com.weida.epuser.controller.CrmRelationUserController.addCrmRelationUser(com.weida.epuser.dto.CrmRelationUser,org.springframework.validation.BindingResult)
2021-03-24 22:01:45.780 [main] [INFO ] org.springframework.web.servlet.handler.AbstractHandlerMethodMapping$MappingRegistry.register -Mapped "{[/crmRelationUser/delCrmRelationUser],methods=[POST]}" onto public com.weida.epcommon.util.CommonResult com.weida.epuser.controller.CrmRelationUserController.delCrmRelationUser(java.lang.Integer)
2021-03-24 22:01:45.781 [main] [INFO ] org.springframework.web.servlet.handler.AbstractHandlerMethodMapping$MappingRegistry.register -Mapped "{[/crmRelationUser/getCrmRelationUserPage]}" onto public com.weida.epcommon.util.CommonResult com.weida.epuser.controller.CrmRelationUserController.getCrmRelationUserPage(int,int,java.lang.String,java.lang.String,java.lang.Integer)
2021-03-24 22:01:45.785 [main] [INFO ] org.springframework.web.servlet.handler.AbstractHandlerMethodMapping$MappingRegistry.register -Mapped "{[/deptController/list || /deptController],methods=[POST]}" onto public com.weida.epcommon.util.CommonResult com.weida.epuser.controller.DeptController.list(com.weida.epuser.dto.Dept)
2021-03-24 22:01:45.786 [main] [INFO ] org.springframework.web.servlet.handler.AbstractHandlerMethodMapping$MappingRegistry.register -Mapped "{[/deptController/treeList],methods=[GET]}" onto public com.weida.epcommon.util.CommonResult com.weida.epuser.controller.DeptController.treeList()
2021-03-24 22:01:45.786 [main] [INFO ] org.springframework.web.servlet.handler.AbstractHandlerMethodMapping$MappingRegistry.register -Mapped "{[/deptController/addDept],methods=[POST]}" onto public com.weida.epcommon.util.CommonResult com.weida.epuser.controller.DeptController.addDept(com.weida.epuser.dto.Dept,org.springframework.validation.BindingResult)
2021-03-24 22:01:45.787 [main] [INFO ] org.springframework.web.servlet.handler.AbstractHandlerMethodMapping$MappingRegistry.register -Mapped "{[/deptController/editDeptById],methods=[POST]}" onto public com.weida.epcommon.util.CommonResult com.weida.epuser.controller.DeptController.editDeptById(com.weida.epuser.dto.Dept,org.springframework.validation.BindingResult)
2021-03-24 22:01:45.787 [main] [INFO ] org.springframework.web.servlet.handler.AbstractHandlerMethodMapping$MappingRegistry.register -Mapped "{[/deptController/getDeptById],methods=[POST]}" onto public com.weida.epcommon.util.CommonResult com.weida.epuser.controller.DeptController.getDeptById(java.lang.Integer)
2021-03-24 22:01:45.788 [main] [INFO ] org.springframework.web.servlet.handler.AbstractHandlerMethodMapping$MappingRegistry.register -Mapped "{[/deptController/delDeptById],methods=[POST]}" onto public com.weida.epcommon.util.CommonResult com.weida.epuser.controller.DeptController.delDeptById(java.lang.Integer)
2021-03-24 22:01:45.788 [main] [INFO ] org.springframework.web.servlet.handler.AbstractHandlerMethodMapping$MappingRegistry.register -Mapped "{[/deptController/hasChild],methods=[POST]}" onto public com.weida.epcommon.util.CommonResult com.weida.epuser.controller.DeptController.hasChild(java.lang.Integer)
2021-03-24 22:01:45.789 [main] [INFO ] org.springframework.web.servlet.handler.AbstractHandlerMethodMapping$MappingRegistry.register -Mapped "{[/dictController/delDictById],methods=[POST]}" onto public com.weida.epcommon.util.CommonResult com.weida.epuser.controller.DictController.delDictById(java.lang.Integer)
2021-03-24 22:01:45.792 [main] [INFO ] org.springframework.web.servlet.handler.AbstractHandlerMethodMapping$MappingRegistry.register -Mapped "{[/loginController/ssoLogin],methods=[POST]}" onto public com.weida.epcommon.util.CommonResult com.weida.epuser.controller.LoginController.ssoLogin(java.lang.String)
2021-03-24 22:01:45.793 [main] [INFO ] org.springframework.web.servlet.handler.AbstractHandlerMethodMapping$MappingRegistry.register -Mapped "{[/loginController/front/login],methods=[POST]}" onto public com.weida.epcommon.util.CommonResult com.weida.epuser.controller.LoginController.frontLogin(java.lang.String,java.lang.String,javax.servlet.http.HttpServletResponse)
2021-03-24 22:01:45.793 [main] [INFO ] org.springframework.web.servlet.handler.AbstractHandlerMethodMapping$MappingRegistry.register -Mapped "{[/loginController/autoLogin2],methods=[POST]}" onto public void com.weida.epuser.controller.LoginController.autoLogin2(java.lang.String,javax.servlet.http.HttpServletResponse) throws java.io.IOException
2021-03-24 22:01:45.794 [main] [INFO ] org.springframework.web.servlet.handler.AbstractHandlerMethodMapping$MappingRegistry.register -Mapped "{[/loginController/screen/login],methods=[POST]}" onto public com.weida.epcommon.util.CommonResult com.weida.epuser.controller.LoginController.screenLogin(java.lang.String,java.lang.String,javax.servlet.http.HttpServletResponse)
2021-03-24 22:01:45.794 [main] [INFO ] org.springframework.web.servlet.handler.AbstractHandlerMethodMapping$MappingRegistry.register -Mapped "{[/loginController/autoLogin],methods=[POST]}" onto public com.weida.epcommon.util.CommonResult com.weida.epuser.controller.LoginController.autoLogin(java.lang.String,javax.servlet.http.HttpServletResponse) throws java.io.IOException
2021-03-24 22:01:45.798 [main] [INFO ] org.springframework.web.servlet.handler.AbstractHandlerMethodMapping$MappingRegistry.register -Mapped "{[/menuController/delMenuById],methods=[POST]}" onto public com.weida.epcommon.util.CommonResult com.weida.epuser.controller.MenuController.delMenuById(java.lang.Integer)
2021-03-24 22:01:45.799 [main] [INFO ] org.springframework.web.servlet.handler.AbstractHandlerMethodMapping$MappingRegistry.register -Mapped "{[/menuController/addMenu],methods=[POST]}" onto public com.weida.epcommon.util.CommonResult com.weida.epuser.controller.MenuController.addMenu(com.weida.epuser.dto.Menu,org.springframework.validation.BindingResult)
2021-03-24 22:01:45.800 [main] [INFO ] org.springframework.web.servlet.handler.AbstractHandlerMethodMapping$MappingRegistry.register -Mapped "{[/menuroleController/menuroleMenu],methods=[POST]}" onto public com.weida.epcommon.util.CommonResult com.weida.epuser.controller.MenuRoleController.addMenu(com.weida.epuser.dto.MenuRole,org.springframework.validation.BindingResult)
2021-03-24 22:01:45.802 [main] [INFO ] org.springframework.web.servlet.handler.AbstractHandlerMethodMapping$MappingRegistry.register -Mapped "{[/postController/list || /postController],methods=[POST]}" onto public com.weida.epcommon.util.CommonResult com.weida.epuser.controller.PostController.list(com.weida.epuser.dto.Post,int,int)
2021-03-24 22:01:45.803 [main] [INFO ] org.springframework.web.servlet.handler.AbstractHandlerMethodMapping$MappingRegistry.register -Mapped "{[/postController/editPostById],methods=[POST]}" onto public com.weida.epcommon.util.CommonResult com.weida.epuser.controller.PostController.editPostById(com.weida.epuser.dto.Post,org.springframework.validation.BindingResult)
2021-03-24 22:01:45.803 [main] [INFO ] org.springframework.web.servlet.handler.AbstractHandlerMethodMapping$MappingRegistry.register -Mapped "{[/postController/addPost],methods=[POST]}" onto public com.weida.epcommon.util.CommonResult com.weida.epuser.controller.PostController.addPost(com.weida.epuser.dto.Post,org.springframework.validation.BindingResult)
2021-03-24 22:01:45.804 [main] [INFO ] org.springframework.web.servlet.handler.AbstractHandlerMethodMapping$MappingRegistry.register -Mapped "{[/postController/delPostById],methods=[POST]}" onto public com.weida.epcommon.util.CommonResult com.weida.epuser.controller.PostController.delPostById(java.lang.Integer)
2021-03-24 22:01:45.804 [main] [INFO ] org.springframework.web.servlet.handler.AbstractHandlerMethodMapping$MappingRegistry.register -Mapped "{[/postController/getPostById],methods=[POST]}" onto public com.weida.epcommon.util.CommonResult com.weida.epuser.controller.PostController.getPostById(java.lang.Integer)
2021-03-24 22:01:45.805 [main] [INFO ] org.springframework.web.servlet.handler.AbstractHandlerMethodMapping$MappingRegistry.register -Mapped "{[/roleController/addRole],methods=[POST]}" onto public com.weida.epcommon.util.CommonResult com.weida.epuser.controller.RoleController.addRole(com.weida.epuser.dto.Role,org.springframework.validation.BindingResult)
2021-03-24 22:01:45.806 [main] [INFO ] org.springframework.web.servlet.handler.AbstractHandlerMethodMapping$MappingRegistry.register -Mapped "{[/roleController/delRoleById],methods=[POST]}" onto public com.weida.epcommon.util.CommonResult com.weida.epuser.controller.RoleController.delRoleById(java.lang.Integer)
2021-03-24 22:01:45.808 [main] [INFO ] org.springframework.web.servlet.handler.AbstractHandlerMethodMapping$MappingRegistry.register -Mapped "{[/userController/list || /userController],methods=[POST]}" onto public com.weida.epcommon.util.CommonResult com.weida.epuser.controller.UserController.list(com.weida.epuser.dto.User,int,int)
2021-03-24 22:01:45.809 [main] [INFO ] org.springframework.web.servlet.handler.AbstractHandlerMethodMapping$MappingRegistry.register -Mapped "{[/userController/addUser],methods=[POST]}" onto public com.weida.epcommon.util.CommonResult com.weida.epuser.controller.UserController.addUser(com.weida.epuser.dto.User,org.springframework.validation.BindingResult)
2021-03-24 22:01:45.809 [main] [INFO ] org.springframework.web.servlet.handler.AbstractHandlerMethodMapping$MappingRegistry.register -Mapped "{[/userController/editUserById],methods=[POST]}" onto public com.weida.epcommon.util.CommonResult com.weida.epuser.controller.UserController.editUserById(com.weida.epuser.dto.User,org.springframework.validation.BindingResult)
2021-03-24 22:01:45.809 [main] [INFO ] org.springframework.web.servlet.handler.AbstractHandlerMethodMapping$MappingRegistry.register -Mapped "{[/userController/getUserById],methods=[POST]}" onto public com.weida.epcommon.util.CommonResult com.weida.epuser.controller.UserController.getUserById(java.lang.Integer)
2021-03-24 22:01:45.810 [main] [INFO ] org.springframework.web.servlet.handler.AbstractHandlerMethodMapping$MappingRegistry.register -Mapped "{[/userController/delUserById],methods=[POST]}" onto public com.weida.epcommon.util.CommonResult com.weida.epuser.controller.UserController.delUserById(java.lang.Integer)
2021-03-24 22:01:45.811 [main] [INFO ] org.springframework.web.servlet.handler.AbstractHandlerMethodMapping$MappingRegistry.register -Mapped "{[/userProject/getUserProjects],methods=[GET]}" onto public java.lang.Object com.weida.epuser.controller.UserProjectController.getUserProjects(java.lang.Integer)
2021-03-24 22:01:45.818 [main] [INFO ] org.springframework.web.servlet.handler.AbstractHandlerMethodMapping$MappingRegistry.register -Mapped "{[/error]}" onto public org.springframework.http.ResponseEntity<java.util.Map<java.lang.String, java.lang.Object>> org.springframework.boot.autoconfigure.web.servlet.error.BasicErrorController.error(javax.servlet.http.HttpServletRequest)
2021-03-24 22:01:45.818 [main] [INFO ] org.springframework.web.servlet.handler.AbstractHandlerMethodMapping$MappingRegistry.register -Mapped "{[/error],produces=[text/html]}" onto public org.springframework.web.servlet.ModelAndView org.springframework.boot.autoconfigure.web.servlet.error.BasicErrorController.errorHtml(javax.servlet.http.HttpServletRequest,javax.servlet.http.HttpServletResponse)
2021-03-24 22:01:45.925 [main] [INFO ] org.springframework.web.servlet.handler.AbstractUrlHandlerMapping.registerHandler -Mapped URL path [/webjars/**] onto handler of type [class org.springframework.web.servlet.resource.ResourceHttpRequestHandler]
2021-03-24 22:01:45.925 [main] [INFO ] org.springframework.web.servlet.handler.AbstractUrlHandlerMapping.registerHandler -Mapped URL path [/**] onto handler of type [class org.springframework.web.servlet.resource.ResourceHttpRequestHandler]
2021-03-24 22:01:51.145 [main] [INFO ] org.springframework.cloud.commons.util.InetUtils.convertAddress -Cannot determine local hostname
2021-03-24 22:01:55.371 [main] [INFO ] org.springframework.cloud.commons.util.InetUtils.convertAddress -Cannot determine local hostname
2021-03-24 22:01:55.644 [main] [INFO ] org.springframework.jmx.export.MBeanExporter.afterSingletonsInstantiated -Registering beans for JMX exposure on startup
2021-03-24 22:01:55.646 [main] [INFO ] org.springframework.jmx.export.MBeanExporter.autodetect -Bean with name 'dataSource' has been autodetected for JMX exposure
2021-03-24 22:01:55.657 [main] [INFO ] org.springframework.jmx.export.MBeanExporter.autodetect -Bean with name 'refreshScope' has been autodetected for JMX exposure
2021-03-24 22:01:55.659 [main] [INFO ] org.springframework.jmx.export.MBeanExporter.autodetect -Bean with name 'configurationPropertiesRebinder' has been autodetected for JMX exposure
2021-03-24 22:01:55.660 [main] [INFO ] org.springframework.jmx.export.MBeanExporter.autodetect -Bean with name 'environmentManager' has been autodetected for JMX exposure
2021-03-24 22:01:55.664 [main] [INFO ] org.springframework.jmx.export.MBeanExporter.registerBeanInstance -Located managed bean 'environmentManager': registering with JMX server as MBean [org.springframework.cloud.context.environment:name=environmentManager,type=EnvironmentManager]
2021-03-24 22:01:55.680 [main] [INFO ] org.springframework.jmx.export.MBeanExporter.registerBeanInstance -Located managed bean 'refreshScope': registering with JMX server as MBean [org.springframework.cloud.context.scope.refresh:name=refreshScope,type=RefreshScope]
2021-03-24 22:01:55.695 [main] [INFO ] org.springframework.jmx.export.MBeanExporter.registerBeanInstance -Located managed bean 'configurationPropertiesRebinder': registering with JMX server as MBean [org.springframework.cloud.context.properties:name=configurationPropertiesRebinder,context=736d6a5c,type=ConfigurationPropertiesRebinder]
2021-03-24 22:01:55.703 [main] [INFO ] org.springframework.jmx.export.MBeanExporter.registerBeanInstance -Located MBean 'dataSource': registering with JMX server as MBean [com.zaxxer.hikari:name=dataSource,type=HikariDataSource]
2021-03-24 22:01:55.712 [main] [INFO ] org.springframework.context.support.DefaultLifecycleProcessor$LifecycleGroup.start -Starting beans in phase 0
2021-03-24 22:01:55.723 [main] [INFO ] org.springframework.cloud.netflix.eureka.InstanceInfoFactory.create -Setting initial instance status as: STARTING
2021-03-24 22:01:55.772 [main] [INFO ] com.netflix.discovery.DiscoveryClient.<init> -Initializing Eureka in region us-east-1
2021-03-24 22:01:57.778 [main] [INFO ] com.netflix.discovery.provider.DiscoveryJerseyProvider.<init> -Using JSON encoding codec LegacyJacksonJson
2021-03-24 22:01:57.778 [main] [INFO ] com.netflix.discovery.provider.DiscoveryJerseyProvider.<init> -Using JSON decoding codec LegacyJacksonJson
2021-03-24 22:01:57.913 [main] [INFO ] com.netflix.discovery.provider.DiscoveryJerseyProvider.<init> -Using XML encoding codec XStreamXml
2021-03-24 22:01:57.914 [main] [INFO ] com.netflix.discovery.provider.DiscoveryJerseyProvider.<init> -Using XML decoding codec XStreamXml
2021-03-24 22:01:58.207 [main] [INFO ] com.netflix.discovery.shared.resolver.aws.ConfigClusterResolver.getClusterEndpoints -Resolving eureka endpoints via configuration
2021-03-24 22:01:59.738 [main] [INFO ] com.netflix.discovery.DiscoveryClient.fetchRegistry -Disable delta property : false
2021-03-24 22:01:59.738 [main] [INFO ] com.netflix.discovery.DiscoveryClient.fetchRegistry -Single vip registry refresh property : null
2021-03-24 22:01:59.738 [main] [INFO ] com.netflix.discovery.DiscoveryClient.fetchRegistry -Force full registry fetch : false
2021-03-24 22:01:59.739 [main] [INFO ] com.netflix.discovery.DiscoveryClient.fetchRegistry -Application is null : false
2021-03-24 22:01:59.739 [main] [INFO ] com.netflix.discovery.DiscoveryClient.fetchRegistry -Registered Applications size is zero : true
2021-03-24 22:01:59.739 [main] [INFO ] com.netflix.discovery.DiscoveryClient.fetchRegistry -Application version is -1: true
2021-03-24 22:01:59.739 [main] [INFO ] com.netflix.discovery.DiscoveryClient.getAndStoreFullRegistry -Getting all instance registry info from the eureka server
2021-03-24 22:01:59.943 [main] [INFO ] com.netflix.discovery.DiscoveryClient.getAndStoreFullRegistry -The response status is 200
2021-03-24 22:01:59.946 [main] [INFO ] com.netflix.discovery.DiscoveryClient.initScheduledTasks -Starting heartbeat executor: renew interval is: 30
2021-03-24 22:01:59.949 [main] [INFO ] com.netflix.discovery.InstanceInfoReplicator.<init> -InstanceInfoReplicator onDemand update allowed rate per min is 4
2021-03-24 22:01:59.953 [main] [INFO ] com.netflix.discovery.DiscoveryClient.<init> -Discovery Client initialized at timestamp 1616594519952 with initial instances count: 1
2021-03-24 22:01:59.959 [main] [INFO ] org.springframework.cloud.netflix.eureka.serviceregistry.EurekaServiceRegistry.register -Registering application ep-user with eureka with status UP
2021-03-24 22:01:59.960 [main] [INFO ] com.netflix.discovery.DiscoveryClient$3.notify -Saw local status change event StatusChangeEvent [timestamp=1616594519960, current=UP, previous=STARTING]
2021-03-24 22:01:59.962 [DiscoveryClient-InstanceInfoReplicator-0] [INFO ] com.netflix.discovery.DiscoveryClient.register -DiscoveryClient_EP-USER/localhost:ep-user:8763: registering service...
2021-03-24 22:01:59.990 [main] [INFO ] org.apache.juli.logging.DirectJDKLog.log -Starting ProtocolHandler ["http-nio-8763"]
2021-03-24 22:02:00.005 [main] [INFO ] org.apache.juli.logging.DirectJDKLog.log -Pausing ProtocolHandler ["http-nio-8763"]
2021-03-24 22:02:00.006 [main] [INFO ] org.apache.juli.logging.DirectJDKLog.log -Stopping service [Tomcat]
2021-03-24 22:02:00.020 [main] [INFO ] org.apache.juli.logging.DirectJDKLog.log -The stop() method was called on component [StandardServer[-1]] after stop() had already been called. The second call will be ignored.
2021-03-24 22:02:00.021 [main] [INFO ] org.apache.juli.logging.DirectJDKLog.log -Stopping ProtocolHandler ["http-nio-8763"]
2021-03-24 22:02:00.021 [main] [INFO ] org.apache.juli.logging.DirectJDKLog.log -Destroying ProtocolHandler ["http-nio-8763"]
2021-03-24 22:02:00.033 [DiscoveryClient-InstanceInfoReplicator-0] [INFO ] com.netflix.discovery.DiscoveryClient.register -DiscoveryClient_EP-USER/localhost:ep-user:8763 - registration status: 204
2021-03-24 22:02:00.041 [main] [INFO ] org.springframework.context.support.AbstractApplicationContext.doClose -Closing org.springframework.boot.web.servlet.context.AnnotationConfigServletWebServerApplicationContext@736d6a5c: startup date [Wed Mar 24 22:01:41 CST 2021]; parent: org.springframework.context.annotation.AnnotationConfigApplicationContext@71ba6d4e
2021-03-24 22:02:00.042 [main] [INFO ] org.springframework.cloud.netflix.eureka.serviceregistry.EurekaServiceRegistry.deregister -Unregistering application ep-user with eureka with status DOWN
2021-03-24 22:02:00.042 [DiscoveryClient-InstanceInfoReplicator-0] [INFO ] com.netflix.discovery.DiscoveryClient.register -DiscoveryClient_EP-USER/localhost:ep-user:8763: registering service...
2021-03-24 22:02:00.044 [main] [INFO ] org.springframework.context.support.DefaultLifecycleProcessor$LifecycleGroup.stop -Stopping beans in phase 0
2021-03-24 22:02:00.046 [main] [INFO ] com.netflix.discovery.DiscoveryClient.shutdown -Shutting down DiscoveryClient ...
2021-03-24 22:02:00.076 [DiscoveryClient-InstanceInfoReplicator-0] [INFO ] com.netflix.discovery.DiscoveryClient.register -DiscoveryClient_EP-USER/localhost:ep-user:8763 - registration status: 204
2021-03-24 22:02:00.076 [main] [INFO ] com.netflix.discovery.DiscoveryClient.unregister -Unregistering ...
2021-03-24 22:02:00.098 [main] [INFO ] com.netflix.discovery.DiscoveryClient.unregister -DiscoveryClient_EP-USER/localhost:ep-user:8763 - deregister  status: 200
2021-03-24 22:02:00.107 [main] [INFO ] com.netflix.discovery.DiscoveryClient.shutdown -Completed shut down of DiscoveryClient
2021-03-24 22:02:00.108 [main] [INFO ] org.springframework.jmx.export.MBeanExporter.destroy -Unregistering JMX-exposed beans on shutdown
2021-03-24 22:02:00.109 [main] [INFO ] org.springframework.jmx.support.MBeanRegistrationSupport.unregisterBeans -Unregistering JMX-exposed beans
