2021-03-24 20:30:27.803 [main] [INFO ] org.springframework.context.support.AbstractApplicationContext.prepareRefresh -Refreshing org.springframework.context.annotation.AnnotationConfigApplicationContext@51e69659: startup date [Wed Mar 24 20:30:27 CST 2021]; root of context hierarchy
2021-03-24 20:30:28.030 [main] [INFO ] org.springframework.beans.factory.annotation.AutowiredAnnotationBeanPostProcessor.<init> -JSR-330 'javax.inject.Inject' annotation found and supported for autowiring
2021-03-24 20:30:28.077 [main] [INFO ] org.springframework.context.support.PostProcessorRegistrationDelegate$BeanPostProcessorChecker.postProcessAfterInitialization -Bean 'configurationPropertiesRebinderAutoConfiguration' of type [org.springframework.cloud.autoconfigure.ConfigurationPropertiesRebinderAutoConfiguration$$EnhancerBySpringCGLIB$$f0197bfe] is not eligible for getting processed by all BeanPostProcessors (for example: not eligible for auto-proxying)
2021-03-24 20:30:33.011 [main] [INFO ] org.springframework.boot.SpringApplication.logStartupProfileInfo -No active profile set, falling back to default profiles: default
2021-03-24 20:30:33.039 [main] [INFO ] org.springframework.context.support.AbstractApplicationContext.prepareRefresh -Refreshing org.springframework.boot.web.servlet.context.AnnotationConfigServletWebServerApplicationContext@7e5d9a50: startup date [Wed Mar 24 20:30:33 CST 2021]; parent: org.springframework.context.annotation.AnnotationConfigApplicationContext@51e69659
2021-03-24 20:30:34.160 [main] [INFO ] org.springframework.beans.factory.support.DefaultListableBeanFactory.registerBeanDefinition -Overriding bean definition for bean 'dataSource' with a different definition: replacing [Root bean: class [null]; scope=refresh; abstract=false; lazyInit=false; autowireMode=3; dependencyCheck=0; autowireCandidate=false; primary=false; factoryBeanName=org.springframework.boot.autoconfigure.jdbc.DataSourceConfiguration$Hikari; factoryMethodName=dataSource; initMethodName=null; destroyMethodName=(inferred); defined in class path resource [org/springframework/boot/autoconfigure/jdbc/DataSourceConfiguration$Hikari.class]] with [Root bean: class [org.springframework.aop.scope.ScopedProxyFactoryBean]; scope=; abstract=false; lazyInit=false; autowireMode=0; dependencyCheck=0; autowireCandidate=true; primary=false; factoryBeanName=null; factoryMethodName=null; initMethodName=null; destroyMethodName=null; defined in BeanDefinition defined in class path resource [org/springframework/boot/autoconfigure/jdbc/DataSourceConfiguration$Hikari.class]]
2021-03-24 20:30:34.342 [main] [INFO ] org.springframework.cloud.context.scope.GenericScope.setSerializationId -BeanFactory id=702f0591-ea18-36d1-afdd-21c24bf619ba
2021-03-24 20:30:34.400 [main] [INFO ] org.springframework.beans.factory.annotation.AutowiredAnnotationBeanPostProcessor.<init> -JSR-330 'javax.inject.Inject' annotation found and supported for autowiring
2021-03-24 20:30:34.582 [main] [INFO ] org.springframework.context.support.PostProcessorRegistrationDelegate$BeanPostProcessorChecker.postProcessAfterInitialization -Bean 'org.springframework.transaction.annotation.ProxyTransactionManagementConfiguration' of type [org.springframework.transaction.annotation.ProxyTransactionManagementConfiguration$$EnhancerBySpringCGLIB$$d3ff7901] is not eligible for getting processed by all BeanPostProcessors (for example: not eligible for auto-proxying)
2021-03-24 20:30:34.641 [main] [INFO ] org.springframework.context.support.PostProcessorRegistrationDelegate$BeanPostProcessorChecker.postProcessAfterInitialization -Bean 'org.springframework.cloud.autoconfigure.ConfigurationPropertiesRebinderAutoConfiguration' of type [org.springframework.cloud.autoconfigure.ConfigurationPropertiesRebinderAutoConfiguration$$EnhancerBySpringCGLIB$$f0197bfe] is not eligible for getting processed by all BeanPostProcessors (for example: not eligible for auto-proxying)
2021-03-24 20:30:35.213 [main] [INFO ] org.springframework.boot.web.embedded.tomcat.TomcatWebServer.initialize -Tomcat initialized with port(s): 8762 (http)
2021-03-24 20:30:35.233 [main] [INFO ] org.apache.juli.logging.DirectJDKLog.log -Initializing ProtocolHandler ["http-nio-8762"]
2021-03-24 20:30:35.248 [main] [INFO ] org.apache.juli.logging.DirectJDKLog.log -Starting service [Tomcat]
2021-03-24 20:30:35.249 [main] [INFO ] org.apache.juli.logging.DirectJDKLog.log -Starting Servlet Engine: Apache Tomcat/8.5.31
2021-03-24 20:30:35.256 [localhost-startStop-1] [INFO ] org.apache.juli.logging.DirectJDKLog.log -The APR based Apache Tomcat Native library which allows optimal performance in production environments was not found on the java.library.path: [C:\Program Files\Java\jdk1.8.0_271\bin;C:\WINDOWS\Sun\Java\bin;C:\WINDOWS\system32;C:\WINDOWS;C:\Program Files (x86)\Common Files\Oracle\Java\javapath;C:\Program Files (x86)\NetSarang\Xshell 6\;C:\WINDOWS\system32;C:\WINDOWS;C:\WINDOWS\System32\Wbem;C:\WINDOWS\System32\WindowsPowerShell\v1.0\;C:\WINDOWS\System32\OpenSSH\;C:\MinGW\bin;C:\texlive\2020\bin\win32;C:\Program Files (x86)\dotnet\;C:\Program Files (x86)\NVIDIA Corporation\PhysX\Common;C:\Program Files\Apache\apache-maven\bin;C:\Program Files\Java\jdk1.8.0_271\bin;C:\Program Files\MySQL\MySQL Server 8.0\bin;C:\Program Files\dotnet\;C:\Program Files\PowerShell\7\;C:\ProgramData\chocolatey\bin;C:\Program Files\nodejs\;C:\Program Files\Docker\Docker\resources\bin;C:\ProgramData\DockerDesktop\version-bin;C:\Program Files\Git\cmd;C:\Python\Python39\Scripts\;C:\Python\Python39\;C:\Program Files\MySQL\MySQL Shell 8.0\bin\;C:\Users\Win\AppData\Local\Microsoft\WindowsApps;C:\Users\Win\AppData\Local\Programs\Microsoft VS Code\bin;C:\Coq\bin;C:\cygwin64\bin;C:\Users\Win\AppData\Local\Pandoc\;C:\Users\Win\AppData\Roaming\npm;C:\Users\Win\AppData\Local\GitHubDesktop\bin;.]
2021-03-24 20:30:35.516 [localhost-startStop-1] [INFO ] org.apache.juli.logging.DirectJDKLog.log -Initializing Spring embedded WebApplicationContext
2021-03-24 20:30:35.516 [localhost-startStop-1] [INFO ] org.springframework.boot.web.servlet.context.ServletWebServerApplicationContext.prepareWebApplicationContext -Root WebApplicationContext: initialization completed in 2477 ms
2021-03-24 20:30:35.758 [localhost-startStop-1] [INFO ] org.springframework.boot.web.servlet.ServletRegistrationBean.addRegistration -Servlet dispatcherServlet mapped to [/]
2021-03-24 20:30:35.765 [localhost-startStop-1] [INFO ] org.springframework.boot.web.servlet.AbstractFilterRegistrationBean.configure -Mapping filter: 'characterEncodingFilter' to: [/*]
2021-03-24 20:30:35.765 [localhost-startStop-1] [INFO ] org.springframework.boot.web.servlet.AbstractFilterRegistrationBean.configure -Mapping filter: 'hiddenHttpMethodFilter' to: [/*]
2021-03-24 20:30:35.765 [localhost-startStop-1] [INFO ] org.springframework.boot.web.servlet.AbstractFilterRegistrationBean.configure -Mapping filter: 'httpPutFormContentFilter' to: [/*]
2021-03-24 20:30:35.766 [localhost-startStop-1] [INFO ] org.springframework.boot.web.servlet.AbstractFilterRegistrationBean.configure -Mapping filter: 'requestContextFilter' to: [/*]
2021-03-24 20:30:37.716 [main] [INFO ] org.springframework.context.support.AbstractApplicationContext.prepareRefresh -Refreshing FeignContext-ep-user: startup date [Wed Mar 24 20:30:37 CST 2021]; parent: org.springframework.boot.web.servlet.context.AnnotationConfigServletWebServerApplicationContext@7e5d9a50
2021-03-24 20:30:37.806 [main] [INFO ] org.springframework.beans.factory.annotation.AutowiredAnnotationBeanPostProcessor.<init> -JSR-330 'javax.inject.Inject' annotation found and supported for autowiring
2021-03-24 20:30:46.615 [main] [INFO ] com.netflix.config.sources.URLConfigurationSource.<init> -To enable URLs as dynamic configuration sources, define System property archaius.configurationSource.additionalUrls or make config.properties available on classpath.
2021-03-24 20:30:46.621 [main] [INFO ] com.netflix.config.sources.URLConfigurationSource.<init> -To enable URLs as dynamic configuration sources, define System property archaius.configurationSource.additionalUrls or make config.properties available on classpath.
2021-03-24 20:30:46.762 [main] [INFO ] org.springframework.web.servlet.handler.AbstractUrlHandlerMapping.registerHandler -Mapped URL path [/**/favicon.ico] onto handler of type [class org.springframework.web.servlet.resource.ResourceHttpRequestHandler]
2021-03-24 20:30:47.059 [main] [INFO ] org.springframework.web.servlet.mvc.method.annotation.RequestMappingHandlerAdapter.initControllerAdviceCache -Looking for @ControllerAdvice: org.springframework.boot.web.servlet.context.AnnotationConfigServletWebServerApplicationContext@7e5d9a50: startup date [Wed Mar 24 20:30:33 CST 2021]; parent: org.springframework.context.annotation.AnnotationConfigApplicationContext@51e69659
2021-03-24 20:30:47.126 [main] [INFO ] org.springframework.web.servlet.handler.AbstractHandlerMethodMapping$MappingRegistry.register -Mapped "{[/centerScreenController/getCenterScreenData]}" onto public com.weida.epcommon.util.CommonResult com.weida.epmain.controller.CenterScreenController.getCenterData(javax.servlet.http.HttpServletRequest)
2021-03-24 20:30:47.127 [main] [INFO ] org.springframework.web.servlet.handler.AbstractHandlerMethodMapping$MappingRegistry.register -Mapped "{[/centerScreenController/getProjectScreenHistoryData]}" onto public com.weida.epcommon.util.CommonResult com.weida.epmain.controller.CenterScreenController.getProjectScreenHistoryData(java.lang.String)
2021-03-24 20:30:47.127 [main] [INFO ] org.springframework.web.servlet.handler.AbstractHandlerMethodMapping$MappingRegistry.register -Mapped "{[/centerScreenController/getCenterScreenHistoryData]}" onto public com.weida.epcommon.util.CommonResult com.weida.epmain.controller.CenterScreenController.getCenterScreenHistoryData(javax.servlet.http.HttpServletRequest)
2021-03-24 20:30:47.127 [main] [INFO ] org.springframework.web.servlet.handler.AbstractHandlerMethodMapping$MappingRegistry.register -Mapped "{[/centerScreenController/getDataNameOptions]}" onto public com.weida.epcommon.util.CommonResult com.weida.epmain.controller.CenterScreenController.getDataNameOptions(java.lang.String,java.lang.String)
2021-03-24 20:30:47.128 [main] [INFO ] org.springframework.web.servlet.handler.AbstractHandlerMethodMapping$MappingRegistry.register -Mapped "{[/centerScreenController/getProjectWarnLogDetail]}" onto public com.weida.epcommon.util.CommonResult com.weida.epmain.controller.CenterScreenController.getProjectWarnLogDetail(java.lang.String,java.lang.String,java.lang.String,java.lang.String,int,int)
2021-03-24 20:30:47.130 [main] [INFO ] org.springframework.web.servlet.handler.AbstractHandlerMethodMapping$MappingRegistry.register -Mapped "{[/chart/addChart],methods=[POST]}" onto public com.weida.epcommon.util.CommonResult com.weida.epmain.controller.ChartController.addChart(com.weida.epmain.dto.Chart,org.springframework.validation.BindingResult)
2021-03-24 20:30:47.130 [main] [INFO ] org.springframework.web.servlet.handler.AbstractHandlerMethodMapping$MappingRegistry.register -Mapped "{[/chart/editChart],methods=[POST]}" onto public com.weida.epcommon.util.CommonResult com.weida.epmain.controller.ChartController.editChart(com.weida.epmain.dto.Chart,org.springframework.validation.BindingResult)
2021-03-24 20:30:47.131 [main] [INFO ] org.springframework.web.servlet.handler.AbstractHandlerMethodMapping$MappingRegistry.register -Mapped "{[/chart/getChartPage]}" onto public com.weida.epcommon.util.CommonResult com.weida.epmain.controller.ChartController.getChartPage(int,int,java.lang.String)
2021-03-24 20:30:47.131 [main] [INFO ] org.springframework.web.servlet.handler.AbstractHandlerMethodMapping$MappingRegistry.register -Mapped "{[/chart/delChart],methods=[POST]}" onto public com.weida.epcommon.util.CommonResult com.weida.epmain.controller.ChartController.delChart(java.lang.Integer)
2021-03-24 20:30:47.133 [main] [INFO ] org.springframework.web.servlet.handler.AbstractHandlerMethodMapping$MappingRegistry.register -Mapped "{[/chartDetail/editChartDetail],methods=[POST]}" onto public com.weida.epcommon.util.CommonResult com.weida.epmain.controller.ChartDetailController.editChartDetail(com.weida.epmain.dto.ChartDetail,org.springframework.validation.BindingResult)
2021-03-24 20:30:47.133 [main] [INFO ] org.springframework.web.servlet.handler.AbstractHandlerMethodMapping$MappingRegistry.register -Mapped "{[/chartDetail/delChartDetail],methods=[POST]}" onto public com.weida.epcommon.util.CommonResult com.weida.epmain.controller.ChartDetailController.delChartDetail(java.lang.Integer)
2021-03-24 20:30:47.133 [main] [INFO ] org.springframework.web.servlet.handler.AbstractHandlerMethodMapping$MappingRegistry.register -Mapped "{[/chartDetail/addChartDetail],methods=[POST]}" onto public com.weida.epcommon.util.CommonResult com.weida.epmain.controller.ChartDetailController.addChartDetail(com.weida.epmain.dto.ChartDetail,org.springframework.validation.BindingResult)
2021-03-24 20:30:47.134 [main] [INFO ] org.springframework.web.servlet.handler.AbstractHandlerMethodMapping$MappingRegistry.register -Mapped "{[/chartDetail/getChartDetails]}" onto public com.weida.epcommon.util.CommonResult com.weida.epmain.controller.ChartDetailController.getChartDetails(java.lang.Integer)
2021-03-24 20:30:47.135 [main] [INFO ] org.springframework.web.servlet.handler.AbstractHandlerMethodMapping$MappingRegistry.register -Mapped "{[/customer/editCustomer],methods=[POST]}" onto public com.weida.epcommon.util.CommonResult com.weida.epmain.controller.CustomerController.editCustomer(com.weida.epmain.dto.Customer)
2021-03-24 20:30:47.136 [main] [INFO ] org.springframework.web.servlet.handler.AbstractHandlerMethodMapping$MappingRegistry.register -Mapped "{[/customer/delCustomer],methods=[POST]}" onto public com.weida.epcommon.util.CommonResult com.weida.epmain.controller.CustomerController.delCustomer(java.lang.Integer)
2021-03-24 20:30:47.136 [main] [INFO ] org.springframework.web.servlet.handler.AbstractHandlerMethodMapping$MappingRegistry.register -Mapped "{[/customer/getCustomerPage]}" onto public com.weida.epcommon.util.CommonResult com.weida.epmain.controller.CustomerController.getCustomerPage(int,int,java.lang.String,java.lang.String)
2021-03-24 20:30:47.136 [main] [INFO ] org.springframework.web.servlet.handler.AbstractHandlerMethodMapping$MappingRegistry.register -Mapped "{[/customer/getCustomers]}" onto public com.weida.epcommon.util.CommonResult com.weida.epmain.controller.CustomerController.getCustomers()
2021-03-24 20:30:47.137 [main] [INFO ] org.springframework.web.servlet.handler.AbstractHandlerMethodMapping$MappingRegistry.register -Mapped "{[/customer/addCustomer],methods=[POST]}" onto public com.weida.epcommon.util.CommonResult com.weida.epmain.controller.CustomerController.addCustomer(com.weida.epmain.dto.Customer)
2021-03-24 20:30:47.137 [main] [INFO ] org.springframework.web.servlet.handler.AbstractHandlerMethodMapping$MappingRegistry.register -Mapped "{[/data/illegal/addData],methods=[POST]}" onto public com.weida.epcommon.util.CommonResult com.weida.epmain.controller.DataController.addData(com.weida.epmain.dto.Data)
2021-03-24 20:30:47.139 [main] [INFO ] org.springframework.web.servlet.handler.AbstractHandlerMethodMapping$MappingRegistry.register -Mapped "{[/define/getDefinePage]}" onto public com.weida.epcommon.util.CommonResult com.weida.epmain.controller.DataDefineController.getDefinePage(int,int,java.lang.Integer,java.lang.String,java.lang.String,java.lang.String,java.lang.Integer)
2021-03-24 20:30:47.139 [main] [INFO ] org.springframework.web.servlet.handler.AbstractHandlerMethodMapping$MappingRegistry.register -Mapped "{[/define/delDataDefine],methods=[POST]}" onto public com.weida.epcommon.util.CommonResult com.weida.epmain.controller.DataDefineController.delDataDefine(java.lang.Integer)
2021-03-24 20:30:47.140 [main] [INFO ] org.springframework.web.servlet.handler.AbstractHandlerMethodMapping$MappingRegistry.register -Mapped "{[/define/getDataDefines]}" onto public com.weida.epcommon.util.CommonResult com.weida.epmain.controller.DataDefineController.getDataDefines(java.lang.Integer)
2021-03-24 20:30:47.140 [main] [INFO ] org.springframework.web.servlet.handler.AbstractHandlerMethodMapping$MappingRegistry.register -Mapped "{[/define/addDataDefine],methods=[POST]}" onto public com.weida.epcommon.util.CommonResult com.weida.epmain.controller.DataDefineController.addDataDefine(com.weida.epmain.dto.DataDefine,org.springframework.validation.BindingResult)
2021-03-24 20:30:47.140 [main] [INFO ] org.springframework.web.servlet.handler.AbstractHandlerMethodMapping$MappingRegistry.register -Mapped "{[/define/editDataDefine],methods=[POST]}" onto public com.weida.epcommon.util.CommonResult com.weida.epmain.controller.DataDefineController.editDataDefine(com.weida.epmain.dto.DataDefine,org.springframework.validation.BindingResult)
2021-03-24 20:30:47.141 [main] [INFO ] org.springframework.web.servlet.handler.AbstractHandlerMethodMapping$MappingRegistry.register -Mapped "{[/group/getDataGroups]}" onto public com.weida.epcommon.util.CommonResult com.weida.epmain.controller.DataGroupController.getDataGroups(java.lang.Integer)
2021-03-24 20:30:47.142 [main] [INFO ] org.springframework.web.servlet.handler.AbstractHandlerMethodMapping$MappingRegistry.register -Mapped "{[/exceptionLog/getExceptionLogPage]}" onto public com.weida.epcommon.util.CommonResult com.weida.epmain.controller.ExceptionLogController.getExceptionLogPage(int,int,java.lang.Integer,java.lang.String,java.lang.String,java.lang.String)
2021-03-24 20:30:47.145 [main] [INFO ] org.springframework.web.servlet.handler.AbstractHandlerMethodMapping$MappingRegistry.register -Mapped "{[/local/syncAbpConfig],methods=[POST]}" onto public com.weida.epcommon.util.CommonResult com.weida.epmain.controller.LocalController.syncAbpConfig(java.lang.Integer)
2021-03-24 20:30:47.146 [main] [INFO ] org.springframework.web.servlet.handler.AbstractHandlerMethodMapping$MappingRegistry.register -Mapped "{[/local/syncControl],methods=[POST]}" onto public com.weida.epcommon.util.CommonResult com.weida.epmain.controller.LocalController.syncControl(java.lang.Integer)
2021-03-24 20:30:47.146 [main] [INFO ] org.springframework.web.servlet.handler.AbstractHandlerMethodMapping$MappingRegistry.register -Mapped "{[/local/cloudTrain],methods=[POST]}" onto public com.weida.epcommon.util.CommonResult com.weida.epmain.controller.LocalController.cloudTrain(java.lang.Integer,java.lang.String)
2021-03-24 20:30:47.147 [main] [INFO ] org.springframework.web.servlet.handler.AbstractHandlerMethodMapping$MappingRegistry.register -Mapped "{[/local/syncProject],methods=[POST]}" onto public com.weida.epcommon.util.CommonResult com.weida.epmain.controller.LocalController.syncProject(java.lang.Integer)
2021-03-24 20:30:47.147 [main] [INFO ] org.springframework.web.servlet.handler.AbstractHandlerMethodMapping$MappingRegistry.register -Mapped "{[/messageStatus/getMessageStatusPage]}" onto public com.weida.epcommon.util.CommonResult com.weida.epmain.controller.MessageStatusController.getMessageStatusPage(int,int,java.lang.Integer,java.lang.String,java.lang.String,java.lang.Integer)
2021-03-24 20:30:47.149 [main] [INFO ] org.springframework.web.servlet.handler.AbstractHandlerMethodMapping$MappingRegistry.register -Mapped "{[/adjust/delProjectAdjust],methods=[POST]}" onto public com.weida.epcommon.util.CommonResult com.weida.epmain.controller.ProjectAdjustController.delProjectAdjust(java.lang.Integer)
2021-03-24 20:30:47.149 [main] [INFO ] org.springframework.web.servlet.handler.AbstractHandlerMethodMapping$MappingRegistry.register -Mapped "{[/adjust/getProjectAdjust],methods=[GET]}" onto public com.weida.epcommon.util.CommonResult com.weida.epmain.controller.ProjectAdjustController.getProjectAdjust(java.lang.Integer)
2021-03-24 20:30:47.149 [main] [INFO ] org.springframework.web.servlet.handler.AbstractHandlerMethodMapping$MappingRegistry.register -Mapped "{[/adjust/addProjectAdjust],methods=[POST]}" onto public com.weida.epcommon.util.CommonResult com.weida.epmain.controller.ProjectAdjustController.addProjectAdjust(com.weida.epmain.dto.DynamicControl)
2021-03-24 20:30:47.149 [main] [INFO ] org.springframework.web.servlet.handler.AbstractHandlerMethodMapping$MappingRegistry.register -Mapped "{[/adjust/editProjectAdjust],methods=[POST]}" onto public com.weida.epcommon.util.CommonResult com.weida.epmain.controller.ProjectAdjustController.editProjectAdjust(com.weida.epmain.dto.DynamicControl)
2021-03-24 20:30:47.150 [main] [INFO ] org.springframework.web.servlet.handler.AbstractHandlerMethodMapping$MappingRegistry.register -Mapped "{[/control/editProjectControl],methods=[POST]}" onto public com.weida.epcommon.util.CommonResult com.weida.epmain.controller.ProjectControlController.editProjectControl(com.weida.epmain.dto.ProjectControl)
2021-03-24 20:30:47.151 [main] [INFO ] org.springframework.web.servlet.handler.AbstractHandlerMethodMapping$MappingRegistry.register -Mapped "{[/control/addProjectControl],methods=[POST]}" onto public com.weida.epcommon.util.CommonResult com.weida.epmain.controller.ProjectControlController.addProjectControl(com.weida.epmain.dto.ProjectControl)
2021-03-24 20:30:47.151 [main] [INFO ] org.springframework.web.servlet.handler.AbstractHandlerMethodMapping$MappingRegistry.register -Mapped "{[/control/delProjectControl],methods=[POST]}" onto public com.weida.epcommon.util.CommonResult com.weida.epmain.controller.ProjectControlController.delProjectControl(java.lang.Integer)
2021-03-24 20:30:47.151 [main] [INFO ] org.springframework.web.servlet.handler.AbstractHandlerMethodMapping$MappingRegistry.register -Mapped "{[/control/getProjectControls]}" onto public com.weida.epcommon.util.CommonResult com.weida.epmain.controller.ProjectControlController.getProjectControls(java.lang.Integer)
2021-03-24 20:30:47.154 [main] [INFO ] org.springframework.web.servlet.handler.AbstractHandlerMethodMapping$MappingRegistry.register -Mapped "{[/project/delProject],methods=[POST]}" onto public com.weida.epcommon.util.CommonResult com.weida.epmain.controller.ProjectController.delCustomer(java.lang.Integer)
2021-03-24 20:30:47.154 [main] [INFO ] org.springframework.web.servlet.handler.AbstractHandlerMethodMapping$MappingRegistry.register -Mapped "{[/project/getProjectPage]}" onto public com.weida.epcommon.util.CommonResult com.weida.epmain.controller.ProjectController.getProjectPage(int,int,java.lang.String,java.lang.String,java.lang.Integer)
2021-03-24 20:30:47.155 [main] [INFO ] org.springframework.web.servlet.handler.AbstractHandlerMethodMapping$MappingRegistry.register -Mapped "{[/project/getProjects]}" onto public com.weida.epcommon.util.CommonResult com.weida.epmain.controller.ProjectController.getProjects(java.lang.Integer)
2021-03-24 20:30:47.155 [main] [INFO ] org.springframework.web.servlet.handler.AbstractHandlerMethodMapping$MappingRegistry.register -Mapped "{[/project/addProject],methods=[POST]}" onto public com.weida.epcommon.util.CommonResult com.weida.epmain.controller.ProjectController.addProject(com.weida.epmain.dto.Project,org.springframework.validation.BindingResult) throws java.text.ParseException
2021-03-24 20:30:47.155 [main] [INFO ] org.springframework.web.servlet.handler.AbstractHandlerMethodMapping$MappingRegistry.register -Mapped "{[/project/editProject],methods=[POST]}" onto public com.weida.epcommon.util.CommonResult com.weida.epmain.controller.ProjectController.editProject(com.weida.epmain.dto.Project,org.springframework.validation.BindingResult) throws java.text.ParseException
2021-03-24 20:30:47.156 [main] [INFO ] org.springframework.web.servlet.handler.AbstractHandlerMethodMapping$MappingRegistry.register -Mapped "{[/project/endProject],methods=[POST]}" onto public com.weida.epcommon.util.CommonResult com.weida.epmain.controller.ProjectController.endProject(java.lang.Integer) throws java.text.ParseException
2021-03-24 20:30:47.157 [main] [INFO ] org.springframework.web.servlet.handler.AbstractHandlerMethodMapping$MappingRegistry.register -Mapped "{[/monitor/addProjectMonitor],methods=[POST]}" onto public com.weida.epcommon.util.CommonResult com.weida.epmain.controller.ProjectMonitorController.addProjectMonitor(com.weida.epmain.dto.ProjectMonitor,org.springframework.validation.BindingResult)
2021-03-24 20:30:47.157 [main] [INFO ] org.springframework.web.servlet.handler.AbstractHandlerMethodMapping$MappingRegistry.register -Mapped "{[/monitor/delProjectMonitor],methods=[POST]}" onto public com.weida.epcommon.util.CommonResult com.weida.epmain.controller.ProjectMonitorController.delProjectMonitor(java.lang.Integer)
2021-03-24 20:30:47.157 [main] [INFO ] org.springframework.web.servlet.handler.AbstractHandlerMethodMapping$MappingRegistry.register -Mapped "{[/monitor/getProjectMonitors]}" onto public com.weida.epcommon.util.CommonResult com.weida.epmain.controller.ProjectMonitorController.getProjectMonitors(java.lang.Integer)
2021-03-24 20:30:47.158 [main] [INFO ] org.springframework.web.servlet.handler.AbstractHandlerMethodMapping$MappingRegistry.register -Mapped "{[/monitor/editProjectMonitor],methods=[POST]}" onto public com.weida.epcommon.util.CommonResult com.weida.epmain.controller.ProjectMonitorController.editProjectMonitor(com.weida.epmain.dto.ProjectMonitor,org.springframework.validation.BindingResult)
2021-03-24 20:30:47.159 [main] [INFO ] org.springframework.web.servlet.handler.AbstractHandlerMethodMapping$MappingRegistry.register -Mapped "{[/projectNet/delProjectNet],methods=[POST]}" onto public com.weida.epcommon.util.CommonResult com.weida.epmain.controller.ProjectNetController.delProjectNet(java.lang.Integer)
2021-03-24 20:30:47.159 [main] [INFO ] org.springframework.web.servlet.handler.AbstractHandlerMethodMapping$MappingRegistry.register -Mapped "{[/projectNet/editProjectNet],methods=[POST]}" onto public com.weida.epcommon.util.CommonResult com.weida.epmain.controller.ProjectNetController.editProjectNet(com.weida.epmain.dto.ProjectNet,org.springframework.validation.BindingResult)
2021-03-24 20:30:47.160 [main] [INFO ] org.springframework.web.servlet.handler.AbstractHandlerMethodMapping$MappingRegistry.register -Mapped "{[/projectNet/addProjectNet],methods=[POST]}" onto public com.weida.epcommon.util.CommonResult com.weida.epmain.controller.ProjectNetController.addProjectNet(com.weida.epmain.dto.ProjectNet,org.springframework.validation.BindingResult)
2021-03-24 20:30:47.160 [main] [INFO ] org.springframework.web.servlet.handler.AbstractHandlerMethodMapping$MappingRegistry.register -Mapped "{[/projectNet/getProjectNetPage]}" onto public com.weida.epcommon.util.CommonResult com.weida.epmain.controller.ProjectNetController.getProjectNetPage(int,int,java.lang.Integer)
2021-03-24 20:30:47.161 [main] [INFO ] org.springframework.web.servlet.handler.AbstractHandlerMethodMapping$MappingRegistry.register -Mapped "{[/projectScreen/getTable]}" onto public com.weida.epcommon.util.CommonResult com.weida.epmain.controller.ProjectScreenController.getTable(java.lang.String,java.lang.String)
2021-03-24 20:30:47.162 [main] [INFO ] org.springframework.web.servlet.handler.AbstractHandlerMethodMapping$MappingRegistry.register -Mapped "{[/projectScreen/getOption]}" onto public com.weida.epcommon.util.CommonResult com.weida.epmain.controller.ProjectScreenController.getOption(java.lang.String,java.lang.String)
2021-03-24 20:30:47.162 [main] [INFO ] org.springframework.web.servlet.handler.AbstractHandlerMethodMapping$MappingRegistry.register -Mapped "{[/projectScreen/getOptions]}" onto public com.weida.epcommon.util.CommonResult com.weida.epmain.controller.ProjectScreenController.getOptions(java.lang.Integer)
2021-03-24 20:30:47.163 [main] [INFO ] org.springframework.web.servlet.handler.AbstractHandlerMethodMapping$MappingRegistry.register -Mapped "{[/projectScreen/getCenterDatas]}" onto public com.weida.epcommon.util.CommonResult com.weida.epmain.controller.ProjectScreenController.getCenterDatas(java.lang.Integer)
2021-03-24 20:30:47.163 [main] [INFO ] org.springframework.web.servlet.handler.AbstractHandlerMethodMapping$MappingRegistry.register -Mapped "{[/projectScreen/optionToTable]}" onto public com.weida.epcommon.util.CommonResult com.weida.epmain.controller.ProjectScreenController.optionToTable(java.lang.Integer,java.lang.Integer)
2021-03-24 20:30:47.163 [main] [INFO ] org.springframework.web.servlet.handler.AbstractHandlerMethodMapping$MappingRegistry.register -Mapped "{[/projectScreen/getTables]}" onto public com.weida.epcommon.util.CommonResult com.weida.epmain.controller.ProjectScreenController.getTables(java.lang.Integer)
2021-03-24 20:30:47.163 [main] [INFO ] org.springframework.web.servlet.handler.AbstractHandlerMethodMapping$MappingRegistry.register -Mapped "{[/projectScreen/getProjectInfo]}" onto public com.weida.epcommon.util.CommonResult com.weida.epmain.controller.ProjectScreenController.getProjectInfo(java.lang.Integer)
2021-03-24 20:30:47.164 [main] [INFO ] org.springframework.web.servlet.handler.AbstractHandlerMethodMapping$MappingRegistry.register -Mapped "{[/projectScreen/getcustomTargetChart]}" onto public com.weida.epcommon.util.CommonResult com.weida.epmain.controller.ProjectScreenController.getcustomTargetChart(com.weida.epmain.dto.dto.CustomTargetDto)
2021-03-24 20:30:47.164 [main] [INFO ] org.springframework.web.servlet.handler.AbstractHandlerMethodMapping$MappingRegistry.register -Mapped "{[/warnLog/saveWarnLog]}" onto public com.weida.epcommon.util.CommonResult com.weida.epmain.controller.WarnLogController.saveWarnLog(java.util.Map<java.lang.String, java.lang.Object>)
2021-03-24 20:30:47.170 [main] [INFO ] org.springframework.web.servlet.handler.AbstractHandlerMethodMapping$MappingRegistry.register -Mapped "{[/error]}" onto public org.springframework.http.ResponseEntity<java.util.Map<java.lang.String, java.lang.Object>> org.springframework.boot.autoconfigure.web.servlet.error.BasicErrorController.error(javax.servlet.http.HttpServletRequest)
2021-03-24 20:30:47.170 [main] [INFO ] org.springframework.web.servlet.handler.AbstractHandlerMethodMapping$MappingRegistry.register -Mapped "{[/error],produces=[text/html]}" onto public org.springframework.web.servlet.ModelAndView org.springframework.boot.autoconfigure.web.servlet.error.BasicErrorController.errorHtml(javax.servlet.http.HttpServletRequest,javax.servlet.http.HttpServletResponse)
2021-03-24 20:30:47.250 [main] [INFO ] org.springframework.web.servlet.handler.AbstractUrlHandlerMapping.registerHandler -Mapped URL path [/webjars/**] onto handler of type [class org.springframework.web.servlet.resource.ResourceHttpRequestHandler]
2021-03-24 20:30:47.250 [main] [INFO ] org.springframework.web.servlet.handler.AbstractUrlHandlerMapping.registerHandler -Mapped URL path [/**] onto handler of type [class org.springframework.web.servlet.resource.ResourceHttpRequestHandler]
2021-03-24 20:30:47.281 [main] [INFO ] org.springframework.web.servlet.mvc.method.annotation.ExceptionHandlerExceptionResolver.initExceptionHandlerAdviceCache -Detected @ExceptionHandler methods in handlerException
2021-03-24 20:30:52.709 [main] [INFO ] org.springframework.cloud.commons.util.InetUtils.convertAddress -Cannot determine local hostname
2021-03-24 20:30:57.336 [main] [INFO ] org.springframework.cloud.commons.util.InetUtils.convertAddress -Cannot determine local hostname
2021-03-24 20:30:57.497 [main] [INFO ] org.springframework.jmx.export.MBeanExporter.afterSingletonsInstantiated -Registering beans for JMX exposure on startup
2021-03-24 20:30:57.499 [main] [INFO ] org.springframework.jmx.export.MBeanExporter.autodetect -Bean with name 'dataSource' has been autodetected for JMX exposure
2021-03-24 20:30:57.513 [main] [INFO ] org.springframework.jmx.export.MBeanExporter.autodetect -Bean with name 'refreshScope' has been autodetected for JMX exposure
2021-03-24 20:30:57.514 [main] [INFO ] org.springframework.jmx.export.MBeanExporter.autodetect -Bean with name 'configurationPropertiesRebinder' has been autodetected for JMX exposure
2021-03-24 20:30:57.515 [main] [INFO ] org.springframework.jmx.export.MBeanExporter.autodetect -Bean with name 'environmentManager' has been autodetected for JMX exposure
2021-03-24 20:30:57.519 [main] [INFO ] org.springframework.jmx.export.MBeanExporter.registerBeanInstance -Located managed bean 'environmentManager': registering with JMX server as MBean [org.springframework.cloud.context.environment:name=environmentManager,type=EnvironmentManager]
2021-03-24 20:30:57.556 [main] [INFO ] org.springframework.jmx.export.MBeanExporter.registerBeanInstance -Located managed bean 'refreshScope': registering with JMX server as MBean [org.springframework.cloud.context.scope.refresh:name=refreshScope,type=RefreshScope]
2021-03-24 20:30:57.580 [main] [INFO ] org.springframework.jmx.export.MBeanExporter.registerBeanInstance -Located managed bean 'configurationPropertiesRebinder': registering with JMX server as MBean [org.springframework.cloud.context.properties:name=configurationPropertiesRebinder,context=7e5d9a50,type=ConfigurationPropertiesRebinder]
2021-03-24 20:30:57.591 [main] [INFO ] org.springframework.jmx.export.MBeanExporter.registerBeanInstance -Located MBean 'dataSource': registering with JMX server as MBean [com.zaxxer.hikari:name=dataSource,type=HikariDataSource]
2021-03-24 20:30:57.601 [main] [INFO ] org.springframework.context.support.DefaultLifecycleProcessor$LifecycleGroup.start -Starting beans in phase 0
2021-03-24 20:30:57.612 [main] [INFO ] org.springframework.cloud.netflix.eureka.InstanceInfoFactory.create -Setting initial instance status as: STARTING
2021-03-24 20:30:57.659 [main] [INFO ] com.netflix.discovery.DiscoveryClient.<init> -Initializing Eureka in region us-east-1
2021-03-24 20:30:59.976 [main] [INFO ] com.netflix.discovery.provider.DiscoveryJerseyProvider.<init> -Using JSON encoding codec LegacyJacksonJson
2021-03-24 20:30:59.977 [main] [INFO ] com.netflix.discovery.provider.DiscoveryJerseyProvider.<init> -Using JSON decoding codec LegacyJacksonJson
2021-03-24 20:31:00.130 [main] [INFO ] com.netflix.discovery.provider.DiscoveryJerseyProvider.<init> -Using XML encoding codec XStreamXml
2021-03-24 20:31:00.130 [main] [INFO ] com.netflix.discovery.provider.DiscoveryJerseyProvider.<init> -Using XML decoding codec XStreamXml
2021-03-24 20:31:00.453 [main] [INFO ] com.netflix.discovery.shared.resolver.aws.ConfigClusterResolver.getClusterEndpoints -Resolving eureka endpoints via configuration
2021-03-24 20:31:02.347 [main] [INFO ] com.netflix.discovery.DiscoveryClient.fetchRegistry -Disable delta property : false
2021-03-24 20:31:02.347 [main] [INFO ] com.netflix.discovery.DiscoveryClient.fetchRegistry -Single vip registry refresh property : null
2021-03-24 20:31:02.347 [main] [INFO ] com.netflix.discovery.DiscoveryClient.fetchRegistry -Force full registry fetch : false
2021-03-24 20:31:02.348 [main] [INFO ] com.netflix.discovery.DiscoveryClient.fetchRegistry -Application is null : false
2021-03-24 20:31:02.348 [main] [INFO ] com.netflix.discovery.DiscoveryClient.fetchRegistry -Registered Applications size is zero : true
2021-03-24 20:31:02.348 [main] [INFO ] com.netflix.discovery.DiscoveryClient.fetchRegistry -Application version is -1: true
2021-03-24 20:31:02.348 [main] [INFO ] com.netflix.discovery.DiscoveryClient.getAndStoreFullRegistry -Getting all instance registry info from the eureka server
2021-03-24 20:31:02.596 [main] [INFO ] com.netflix.discovery.DiscoveryClient.getAndStoreFullRegistry -The response status is 200
2021-03-24 20:31:02.599 [main] [INFO ] com.netflix.discovery.DiscoveryClient.initScheduledTasks -Starting heartbeat executor: renew interval is: 30
2021-03-24 20:31:02.603 [main] [INFO ] com.netflix.discovery.InstanceInfoReplicator.<init> -InstanceInfoReplicator onDemand update allowed rate per min is 4
2021-03-24 20:31:02.608 [main] [INFO ] com.netflix.discovery.DiscoveryClient.<init> -Discovery Client initialized at timestamp 1616589062607 with initial instances count: 2
2021-03-24 20:31:02.616 [main] [INFO ] org.springframework.cloud.netflix.eureka.serviceregistry.EurekaServiceRegistry.register -Registering application ep-main with eureka with status UP
2021-03-24 20:31:02.617 [main] [INFO ] com.netflix.discovery.DiscoveryClient$3.notify -Saw local status change event StatusChangeEvent [timestamp=1616589062617, current=UP, previous=STARTING]
2021-03-24 20:31:02.620 [DiscoveryClient-InstanceInfoReplicator-0] [INFO ] com.netflix.discovery.DiscoveryClient.register -DiscoveryClient_EP-MAIN/localhost:ep-main:8762: registering service...
2021-03-24 20:31:02.660 [main] [INFO ] org.springframework.scheduling.annotation.ScheduledAnnotationBeanPostProcessor.finishRegistration -No TaskScheduler/ScheduledExecutorService bean found for scheduled processing
2021-03-24 20:31:02.676 [main] [INFO ] org.apache.juli.logging.DirectJDKLog.log -Starting ProtocolHandler ["http-nio-8762"]
2021-03-24 20:31:02.702 [main] [INFO ] org.apache.juli.logging.DirectJDKLog.log -Using a shared selector for servlet write/read
2021-03-24 20:31:02.715 [DiscoveryClient-InstanceInfoReplicator-0] [INFO ] com.netflix.discovery.DiscoveryClient.register -DiscoveryClient_EP-MAIN/localhost:ep-main:8762 - registration status: 204
2021-03-24 20:31:02.733 [main] [INFO ] org.springframework.boot.web.embedded.tomcat.TomcatWebServer.start -Tomcat started on port(s): 8762 (http) with context path ''
2021-03-24 20:31:02.735 [main] [INFO ] org.springframework.cloud.netflix.eureka.serviceregistry.EurekaAutoServiceRegistration.onApplicationEvent -Updating port to 8762
2021-03-24 20:31:02.738 [main] [INFO ] org.springframework.boot.StartupInfoLogger.logStarted -Started EpMainApplication in 41.6 seconds (JVM running for 46.847)
2021-03-24 20:32:00.073 [pool-8-thread-1] [INFO ] com.zaxxer.hikari.HikariDataSource.getConnection -HikariPool-1 - Starting...
2021-03-24 20:32:00.345 [pool-8-thread-1] [INFO ] com.zaxxer.hikari.HikariDataSource.getConnection -HikariPool-1 - Start completed.
2021-03-24 20:36:02.362 [AsyncResolver-bootstrap-executor-0] [INFO ] com.netflix.discovery.shared.resolver.aws.ConfigClusterResolver.getClusterEndpoints -Resolving eureka endpoints via configuration
2021-03-24 20:41:02.378 [AsyncResolver-bootstrap-executor-0] [INFO ] com.netflix.discovery.shared.resolver.aws.ConfigClusterResolver.getClusterEndpoints -Resolving eureka endpoints via configuration
2021-03-24 20:46:02.389 [AsyncResolver-bootstrap-executor-0] [INFO ] com.netflix.discovery.shared.resolver.aws.ConfigClusterResolver.getClusterEndpoints -Resolving eureka endpoints via configuration
